<?xml version='1.0'?>
<ns2:test-suite xmlns:ns2='urn:model.allure.qatools.yandex.ru' start='1648588600083' stop='1648588600101'>
    <name>Demo feature: Run first demo feature</name>
    <title>Demo feature: Run first demo feature</title>
    <test-cases>
        <test-case start='1648588600083' status='passed' stop='1648588600085'>
            <name></name>
            <title></title>
            <labels>
                <label name='language' value='javascript'/>
                <label name='framework' value='wdio'/>
                <label name='thread' value='0-0'/>
            </labels>
            <parameters>
                <parameter kind='argument' name='browser' value='chrome-99.0.4844.84'/>
            </parameters>
            <steps/>
            <attachments/>
        </test-case>
        <test-case start='1648588600085' status='broken' stop='1648588600099'>
            <name>Given Google page is opened</name>
            <title>Given Google page is opened</title>
            <labels>
                <label name='language' value='javascript'/>
                <label name='framework' value='wdio'/>
                <label name='thread' value='0-0'/>
            </labels>
            <parameters>
                <parameter kind='argument' name='browser' value='chrome-99.0.4844.84'/>
            </parameters>
            <steps>
                <step start='1648588600089' status='broken' stop='1648588600098'>
                    <name>POST /session/:sessionId/execute/sync</name>
                    <title>POST /session/:sessionId/execute/sync</title>
                    <attachments>
                        <attachment title='Request' source='c6d557eb-addd-4b63-8a97-bd47b487255e-attachment.json' type='application/json' size='165'/>
                    </attachments>
                    <steps>
                        <step start='1648588600091' status='broken' stop='1648588600098'>
                            <name>POST /session/:sessionId/execute/sync</name>
                            <title>POST /session/:sessionId/execute/sync</title>
                            <attachments>
                                <attachment title='Request' source='02270ac5-df51-4e4b-9692-a0c40a1684ca-attachment.json' type='application/json' size='154'/>
                            </attachments>
                            <steps>
                                <step start='1648588600092' status='broken' stop='1648588600098'>
                                    <name>POST /session/:sessionId/execute/sync</name>
                                    <title>POST /session/:sessionId/execute/sync</title>
                                    <attachments>
                                        <attachment title='Request' source='c971a241-c730-4fd5-948f-76075240f950-attachment.json' type='application/json' size='161'/>
                                    </attachments>
                                    <steps>
                                        <step start='1648588600093' status='broken' stop='1648588600098'>
                                            <name>POST /session/:sessionId/execute/sync</name>
                                            <title>POST /session/:sessionId/execute/sync</title>
                                            <attachments>
                                                <attachment title='Request' source='c3bea6e0-95ea-4231-9315-a162ec6faa34-attachment.json' type='application/json' size='146'/>
                                            </attachments>
                                            <steps>
                                                <step start='1648588600096' status='broken' stop='1648588600098'>
                                                    <name>POST /session/:sessionId/execute/sync</name>
                                                    <title>POST /session/:sessionId/execute/sync</title>
                                                    <attachments>
                                                        <attachment title='Request' source='651eb1f0-d990-4aac-a4b5-a604c55b6915-attachment.json' type='application/json' size='85'/>
                                                    </attachments>
                                                    <steps/>
                                                </step>
                                            </steps>
                                        </step>
                                    </steps>
                                </step>
                            </steps>
                        </step>
                    </steps>
                </step>
            </steps>
            <attachments/>
            <failure>
                <message>ReferenceError: reporter is not defined</message>
                <stack-trace>ReferenceError: reporter is not defined
                    at World.&lt;anonymous> (/Users/rags/workspace/identity/MultipassFrontend/test/features/step-definitions/given.ts:6:3)
                    at step (/Users/rags/workspace/identity/MultipassFrontend/test/features/step-definitions/given.ts:33:23)
                    at Object.next (/Users/rags/workspace/identity/MultipassFrontend/test/features/step-definitions/given.ts:14:53)
                    at /Users/rags/workspace/identity/MultipassFrontend/test/features/step-definitions/given.ts:8:71
                    at new Promise (&lt;anonymous>)
                    at __awaiter (/Users/rags/workspace/identity/MultipassFrontend/test/features/step-definitions/given.ts:4:12)
                    at World.&lt;anonymous> (/Users/rags/workspace/identity/MultipassFrontend/test/features/step-definitions/given.ts:41:12)
                    at processTicksAndRejections (node:internal/process/task_queues:96:5)</stack-trace>
            </failure>
        </test-case>
        <test-case start='1648588600099' status='undefined'>
            <name>When Search with WDIO</name>
            <title>When Search with WDIO</title>
            <labels>
                <label name='language' value='javascript'/>
                <label name='framework' value='wdio'/>
                <label name='thread' value='0-0'/>
            </labels>
            <parameters>
                <parameter kind='argument' name='browser' value='chrome-99.0.4844.84'/>
            </parameters>
            <steps/>
            <attachments/>
        </test-case>
        <test-case start='1648588600099' status='broken' stop='1648588600099'>
            <name>Then Click on the first search result</name>
            <title>Then Click on the first search result</title>
            <labels>
                <label name='language' value='javascript'/>
                <label name='framework' value='wdio'/>
                <label name='thread' value='0-0'/>
            </labels>
            <parameters>
                <parameter kind='argument' name='browser' value='chrome-99.0.4844.84'/>
            </parameters>
            <steps/>
            <attachments/>
            <failure>
                <message>Step "Click on the first search result" is not defined. You can ignore this error by setting cucumberOpts.ignoreUndefinedDefinitions as true.</message>
                <stack-trace>Step "Click on the first search result" is not defined. You can ignore this error by setting cucumberOpts.ignoreUndefinedDefinitions as true.
                	at Feature(/Users/rags/workspace/identity/MultipassFrontend/test/features/demo/demo.feature):1:1
                	at Scenario(Run first demo feature):4:5
                	at Step(Click on the first search result):7:9
                </stack-trace>
            </failure>
        </test-case>
        <test-case start='1648588600100' status='undefined'>
            <name>Then URL should match https://webdriver.io/</name>
            <title>Then URL should match https://webdriver.io/</title>
            <labels>
                <label name='language' value='javascript'/>
                <label name='framework' value='wdio'/>
                <label name='thread' value='0-0'/>
            </labels>
            <parameters>
                <parameter kind='argument' name='browser' value='chrome-99.0.4844.84'/>
            </parameters>
            <steps/>
            <attachments/>
        </test-case>
        <test-case start='1648588600100' status='passed' stop='1648588600101'>
            <name></name>
            <title></title>
            <labels>
                <label name='language' value='javascript'/>
                <label name='framework' value='wdio'/>
                <label name='thread' value='0-0'/>
            </labels>
            <parameters>
                <parameter kind='argument' name='browser' value='chrome-99.0.4844.84'/>
            </parameters>
            <steps/>
            <attachments/>
        </test-case>
    </test-cases>
</ns2:test-suite>