<?xml version='1.0'?>
<ns2:test-suite xmlns:ns2='urn:model.allure.qatools.yandex.ru' start='1648729083954' stop='1648729083966'>
    <name>Demo feature: Run first demo feature</name>
    <title>Demo feature: Run first demo feature</title>
    <test-cases>
        <test-case start='1648729083958' status='passed' stop='1648729083960'>
            <name></name>
            <title></title>
            <labels>
                <label name='language' value='javascript'/>
                <label name='framework' value='wdio'/>
                <label name='thread' value='0-0'/>
            </labels>
            <parameters>
                <parameter kind='argument' name='browser' value='chrome-99.0.4844.84'/>
            </parameters>
            <steps/>
            <attachments/>
        </test-case>
        <test-case start='1648729083960' status='broken' stop='1648729083961'>
            <name>Given Google page is opened</name>
            <title>Given Google page is opened</title>
            <labels>
                <label name='language' value='javascript'/>
                <label name='framework' value='wdio'/>
                <label name='thread' value='0-0'/>
            </labels>
            <parameters>
                <parameter kind='argument' name='browser' value='chrome-99.0.4844.84'/>
            </parameters>
            <steps/>
            <attachments/>
            <failure>
                <message>Step "Google page is opened" is not defined. You can ignore this error by setting cucumberOpts.ignoreUndefinedDefinitions as true.</message>
                <stack-trace>Step "Google page is opened" is not defined. You can ignore this error by setting cucumberOpts.ignoreUndefinedDefinitions as true.
                	at Feature(/Users/rags/workspace/identity/MultipassFrontend/test/features/demo/demo.feature):1:1
                	at Scenario(Run first demo feature):4:5
                	at Step(Google page is opened):5:9
                </stack-trace>
            </failure>
        </test-case>
        <test-case start='1648729083962' status='broken' stop='1648729083962'>
            <name>When Search with WDIO</name>
            <title>When Search with WDIO</title>
            <labels>
                <label name='language' value='javascript'/>
                <label name='framework' value='wdio'/>
                <label name='thread' value='0-0'/>
            </labels>
            <parameters>
                <parameter kind='argument' name='browser' value='chrome-99.0.4844.84'/>
            </parameters>
            <steps/>
            <attachments/>
            <failure>
                <message>Step "Search with WDIO" is not defined. You can ignore this error by setting cucumberOpts.ignoreUndefinedDefinitions as true.</message>
                <stack-trace>Step "Search with WDIO" is not defined. You can ignore this error by setting cucumberOpts.ignoreUndefinedDefinitions as true.
                	at Feature(/Users/rags/workspace/identity/MultipassFrontend/test/features/demo/demo.feature):1:1
                	at Scenario(Run first demo feature):4:5
                	at Step(Search with &lt;SearchItem>):6:9
                </stack-trace>
            </failure>
        </test-case>
        <test-case start='1648729083962' status='broken' stop='1648729083963'>
            <name>Then Click on the first search result</name>
            <title>Then Click on the first search result</title>
            <labels>
                <label name='language' value='javascript'/>
                <label name='framework' value='wdio'/>
                <label name='thread' value='0-0'/>
            </labels>
            <parameters>
                <parameter kind='argument' name='browser' value='chrome-99.0.4844.84'/>
            </parameters>
            <steps/>
            <attachments/>
            <failure>
                <message>Step "Click on the first search result" is not defined. You can ignore this error by setting cucumberOpts.ignoreUndefinedDefinitions as true.</message>
                <stack-trace>Step "Click on the first search result" is not defined. You can ignore this error by setting cucumberOpts.ignoreUndefinedDefinitions as true.
                	at Feature(/Users/rags/workspace/identity/MultipassFrontend/test/features/demo/demo.feature):1:1
                	at Scenario(Run first demo feature):4:5
                	at Step(Click on the first search result):7:9
                </stack-trace>
            </failure>
        </test-case>
        <test-case start='1648729083963' status='broken' stop='1648729083964'>
            <name>Then URL should match https://webdriver.io/</name>
            <title>Then URL should match https://webdriver.io/</title>
            <labels>
                <label name='language' value='javascript'/>
                <label name='framework' value='wdio'/>
                <label name='thread' value='0-0'/>
            </labels>
            <parameters>
                <parameter kind='argument' name='browser' value='chrome-99.0.4844.84'/>
            </parameters>
            <steps/>
            <attachments/>
            <failure>
                <message>Step "URL should match https://webdriver.io/" is not defined. You can ignore this error by setting cucumberOpts.ignoreUndefinedDefinitions as true.</message>
                <stack-trace>Step "URL should match https://webdriver.io/" is not defined. You can ignore this error by setting cucumberOpts.ignoreUndefinedDefinitions as true.
                	at Feature(/Users/rags/workspace/identity/MultipassFrontend/test/features/demo/demo.feature):1:1
                	at Scenario(Run first demo feature):4:5
                	at Step(URL should match &lt;ExpectedURL>):8:9
                </stack-trace>
            </failure>
        </test-case>
        <test-case start='1648729083964' status='passed' stop='1648729083965'>
            <name></name>
            <title></title>
            <labels>
                <label name='language' value='javascript'/>
                <label name='framework' value='wdio'/>
                <label name='thread' value='0-0'/>
            </labels>
            <parameters>
                <parameter kind='argument' name='browser' value='chrome-99.0.4844.84'/>
            </parameters>
            <steps/>
            <attachments/>
        </test-case>
    </test-cases>
</ns2:test-suite>